-------------------------------------------------------------------------------
Test set: com.verification.structural.InfyTrainingTestVerification
-------------------------------------------------------------------------------
Tests run: 3, Failures: 2, Errors: 0, Skipped: 0, Time elapsed: 0 s <<< FAILURE! - in com.verification.structural.InfyTrainingTestVerification
generateTraineeReportNoRecordsFoundTest  Time elapsed: 0 s  <<< FAILURE!
org.opentest4j.AssertionFailedError: expected: not <null>
	at com.verification.structural.InfyTrainingTestVerification.generateTraineeReportNoRecordsFoundTest(InfyTrainingTestVerification.java:51)

addTraineeInvalidDateOfJoiningTest  Time elapsed: 0 s  <<< FAILURE!
org.opentest4j.AssertionFailedError: expected: not <null>
	at com.verification.structural.InfyTrainingTestVerification.addTraineeInvalidDateOfJoiningTest(InfyTrainingTestVerification.java:45)

